<?xml version="1.0" encoding="UTF-8"?>
<testsuite name="Validar titulos de cinco productos" tests="1" skipped="0" failures="1" errors="0" timestamp="2022-08-04T22:00:12" hostname="RETRO-VICTUS" time="54.071">
  <properties/>
  <testcase name="Validacion de cinco productos en falabella" classname="Validar titulos de cinco productos" time="54.071">
    <failure message="org.junit.ComparisonFailure: expected:&lt;[Combo Audifonos Samsung Bluetooth Buds 2 + Banda Fit 2]&gt; but was:&lt;[AirPods Pro con MagSafe Case]&gt;" type="org.junit.ComparisonFailure">org.junit.ComparisonFailure: expected:&lt;[Combo Audifonos Samsung Bluetooth Buds 2 + Banda Fit 2]&gt; but was:&lt;[AirPods Pro con MagSafe Case]&gt;
	at org.junit.Assert.assertEquals(Assert.java:115)
	at org.junit.Assert.assertEquals(Assert.java:144)
	at co.com.falabella.steps.MetodosSeleniumSteps.validacion(MetodosSeleniumSteps.java:22)
	at co.com.falabella.steps.ProductosSteps.scrollear(ProductosSteps.java:40)
	at co.com.falabella.stepDefinitions.ProductoStepDefinition.doyClickEnUnProducto(ProductoStepDefinition.java:33)
	at ✽.doy click en un producto(src/test/resources/co.com.falabella.features/productos.feature:5)
</failure>
  </testcase>
  <system-out><![CDATA[]]></system-out>
  <system-err><![CDATA[Starting ChromeDriver 103.0.5060.134 (8ec6fce403b3feb0869b0732eda8bd95011d333c-refs/branch-heads/5060@{#1262}) on port 10315
Only local connections are allowed.
Please see https://chromedriver.chromium.org/security-considerations for suggestions on keeping ChromeDriver safe.
ChromeDriver was started successfully.
ago 04, 2022 5:00:14 PM org.openqa.selenium.remote.ProtocolHandshake createSession
INFORMACIÓN: Detected dialect: W3C
[Test worker] ERROR net.thucydides.core.steps.ConsoleLoggingListener - 
           __  _____ _____ ____ _____   _____ _    ___ _     _____ ____  
  _       / / |_   _| ____/ ___|_   _| |  ___/ \  |_ _| |   | ____|  _ \ 
 (_)_____| |    | | |  _| \___ \ | |   | |_ / _ \  | || |   |  _| | | | |
  _|_____| |    | | | |___ ___) || |   |  _/ ___ \ | || |___| |___| |_| |
 (_)     | |    |_| |_____|____/ |_|   |_|/_/   \_\___|_____|_____|____/ 
          \_\                                                            

TEST FAILED: Validacion de cinco productos en falabella
--------------------------------------------------------------------------
[Test worker] ERROR net.thucydides.core.steps.ConsoleLoggingListener - TEST FAILED AT STEP Cuando doy click en un producto
[Test worker] ERROR net.thucydides.core.steps.ConsoleLoggingListener - expected:<[Combo Audifonos Samsung Bluetooth Buds 2 + Banda Fit 2]> but was:<[AirPods Pro con MagSafe Case]>
]]></system-err>
</testsuite>
